Arguments: 
  /usr/local/bin/node /usr/local/bin/yarn add -D webpack-cli

PATH: 
  /usr/local/bin:/usr/bin:/bin:/usr/sbin:/sbin:/usr/local/go/bin

Yarn version: 
  1.10.1

Node version: 
  8.12.0

Platform: 
  darwin x64

Trace: 
  Error: EINVAL: invalid argument, unlink '/Users/huahua/Documents/lian/lian1925/react-demo/node_modules/globby/node_modules/pify'

npm manifest: 
  {
    "name": "react-demo",
    "version": "1.0.0",
    "description": "",
    "main": "index.js",
    "scripts": {
      "build": "webpack --config build/webpack.prod.js",
      "start": "webpack-dev-server --open --config build/webpack.dev.js",
      "test": "echo \"Error: no test specified\" && exit 1"
    },
    "keywords": [],
    "author": "",
    "license": "ISC",
    "devDependencies": {
      "@babel/preset-react": "^7.0.0",
      "react": "^16.6.3",
      "react-dom": "^16.6.3",
      "webpack": "^4.26.1",
      "webpack-dev-server": "^3.1.10",
      "webpack-merge": "^4.1.4"
    }
  }

yarn manifest: 
  No manifest

Lockfile: 
  No lockfile
